0 info it worked if it ends with ok
1 verbose cli [ '/usr/local/bin/node',
1 verbose cli   '/usr/local/bin/npm',
1 verbose cli   'install',
1 verbose cli   '-g',
1 verbose cli   'n' ]
2 info using npm@3.7.3
3 info using node@v5.8.0
4 silly loadCurrentTree Starting
5 silly install loadCurrentTree
6 silly install readGlobalPackageData
7 silly fetchPackageMetaData n
8 silly fetchNamedPackageData n
9 silly mapToRegistry name n
10 silly mapToRegistry using default registry
11 silly mapToRegistry registry https://registry.npmjs.org/
12 silly mapToRegistry uri https://registry.npmjs.org/n
13 verbose request uri https://registry.npmjs.org/n
14 verbose request no auth needed
15 info attempt registry request try #1 at 14:28:05
16 verbose request id bcb19a7e5f8ff2aa
17 verbose etag "6LV7U9A40EABRHFUCBKPAE9NW"
18 http request GET https://registry.npmjs.org/n
19 http 304 https://registry.npmjs.org/n
20 verbose headers { date: 'Wed, 28 Sep 2016 06:28:04 GMT',
20 verbose headers   via: '1.1 varnish',
20 verbose headers   'cache-control': 'max-age=300',
20 verbose headers   etag: '"6LV7U9A40EABRHFUCBKPAE9NW"',
20 verbose headers   age: '226',
20 verbose headers   connection: 'keep-alive',
20 verbose headers   'x-served-by': 'cache-ams4136-AMS',
20 verbose headers   'x-cache': 'HIT',
20 verbose headers   'x-cache-hits': '1',
20 verbose headers   'x-timer': 'S1475044084.383590,VS0,VE0',
20 verbose headers   vary: 'Accept-Encoding' }
21 silly get cb [ 304,
21 silly get   { date: 'Wed, 28 Sep 2016 06:28:04 GMT',
21 silly get     via: '1.1 varnish',
21 silly get     'cache-control': 'max-age=300',
21 silly get     etag: '"6LV7U9A40EABRHFUCBKPAE9NW"',
21 silly get     age: '226',
21 silly get     connection: 'keep-alive',
21 silly get     'x-served-by': 'cache-ams4136-AMS',
21 silly get     'x-cache': 'HIT',
21 silly get     'x-cache-hits': '1',
21 silly get     'x-timer': 'S1475044084.383590,VS0,VE0',
21 silly get     vary: 'Accept-Encoding' } ]
22 verbose etag https://registry.npmjs.org/n from cache
23 verbose get saving n to /Users/somesayss/.npm/registry.npmjs.org/n/.cache.json
24 verbose correctMkdir /Users/somesayss/.npm correctMkdir not in flight; initializing
25 silly install normalizeTree
26 silly loadCurrentTree Finishing
27 silly loadIdealTree Starting
28 silly install loadIdealTree
29 silly cloneCurrentTree Starting
30 silly install cloneCurrentTreeToIdealTree
31 silly cloneCurrentTree Finishing
32 silly loadShrinkwrap Starting
33 silly install loadShrinkwrap
34 silly loadShrinkwrap Finishing
35 silly loadAllDepsIntoIdealTree Starting
36 silly install loadAllDepsIntoIdealTree
37 silly resolveWithNewModule n@2.1.4 checking installable status
38 silly cache add args [ 'n', null ]
39 verbose cache add spec n
40 silly cache add parsed spec Result {
40 silly cache add   raw: 'n',
40 silly cache add   scope: null,
40 silly cache add   name: 'n',
40 silly cache add   rawSpec: '',
40 silly cache add   spec: 'latest',
40 silly cache add   type: 'tag' }
41 silly addNamed n@latest
42 verbose addNamed "latest" is being treated as a dist-tag for n
43 info addNameTag [ 'n', 'latest' ]
44 silly mapToRegistry name n
45 silly mapToRegistry using default registry
46 silly mapToRegistry registry https://registry.npmjs.org/
47 silly mapToRegistry uri https://registry.npmjs.org/n
48 verbose addNameTag registry:https://registry.npmjs.org/n not in flight; fetching
49 verbose get https://registry.npmjs.org/n not expired, no request
50 silly addNameTag next cb for n with tag latest
51 silly addNamed n@2.1.4
52 verbose addNamed "2.1.4" is a plain semver version for n
53 silly cache afterAdd n@2.1.4
54 verbose afterAdd /Users/somesayss/.npm/n/2.1.4/package/package.json not in flight; writing
55 verbose correctMkdir /Users/somesayss/.npm correctMkdir not in flight; initializing
56 verbose afterAdd /Users/somesayss/.npm/n/2.1.4/package/package.json written
57 silly loadAllDepsIntoIdealTree Finishing
58 silly idealTree:prePrune lib
58 silly idealTree:prePrune └── n@2.1.4
59 silly loadIdealTree Finishing
60 silly currentTree lib
60 silly currentTree └── n@2.1.0
61 silly idealTree lib
61 silly idealTree └── n@2.1.4
62 silly generateActionsToTake Starting
63 silly install generateActionsToTake
64 warn checkPermissions Missing write access to /usr/local/lib/node_modules/n
65 warn checkPermissions Missing write access to /usr/local/lib/node_modules
66 silly rollbackFailedOptional Starting
67 silly rollbackFailedOptional Finishing
68 silly runTopLevelLifecycles Starting
69 silly runTopLevelLifecycles Finishing
70 silly install printInstalled
71 verbose stack Error: EACCES: permission denied, access '/usr/local/lib/node_modules/n'
71 verbose stack     at Error (native)
72 verbose cwd /Users/somesayss/Desktop/somesayss.github.com
73 error Darwin 14.1.0
74 error argv "/usr/local/bin/node" "/usr/local/bin/npm" "install" "-g" "n"
75 error node v5.8.0
76 error npm  v3.7.3
77 error path /usr/local/lib/node_modules/n
78 error code EACCES
79 error errno -13
80 error syscall access
81 error Error: EACCES: permission denied, access '/usr/local/lib/node_modules/n'
81 error     at Error (native)
81 error  { [Error: EACCES: permission denied, access '/usr/local/lib/node_modules/n']
81 error   errno: -13,
81 error   code: 'EACCES',
81 error   syscall: 'access',
81 error   path: '/usr/local/lib/node_modules/n' }
82 error Please try running this command again as root/Administrator.
83 verbose exit [ -13, true ]
